1638133033179	geckodriver	INFO	Listening on 127.0.0.1:58899
1638133033184	mozrunner::runner	INFO	Running command: "/usr/bin/firefox" "--marionette" "--remote-debugging-port" "57683" "-no-remote" "-profile" "/tmp/rust_mozprofileh0c3Et"
ATTENTION: default value of option mesa_glthread overridden by environment.
ATTENTION: default value of option mesa_glthread overridden by environment.
ATTENTION: default value of option mesa_glthread overridden by environment.
ATTENTION: default value of option mesa_glthread overridden by environment.
1638133033869	Marionette	INFO	Marionette enabled
console.warn: SearchSettings: "get: No settings file exists, new profile?" (new NotFoundError("Could not open the file at /tmp/rust_mozprofileh0c3Et/search.json.mozlz4", (void 0)))
DevTools listening on ws://localhost:57683/devtools/browser/c1d24774-3742-496c-a511-3a59beb9444c
1638133035721	Marionette	INFO	Listening on port 46699
1638133035806	RemoteAgent	WARN	TLS certificate errors will be ignored for this session
ATTENTION: default value of option mesa_glthread overridden by environment.
JavaScript warning: https://static.xx.fbcdn.net/rsrc.php/v3iqES4/yd/l/en_US/9vDokqdM1VK.js?_nc_x=Ij3Wp8lg5Kz, line 20: WEBGL_debug_renderer_info is deprecated in Firefox and will be removed. Please use RENDERER.
1638133064583	Marionette	INFO	Stopped listening on port 46699
console.warn: TopSitesFeed: Failed to fetch data from Contile server: NetworkError when attempting to fetch resource.

###!!! [Parent][RunMessage] Error: Channel closing: too late to send/recv, messages will be lost

1638133076119	geckodriver	INFO	Listening on 127.0.0.1:45475
1638133076124	mozrunner::runner	INFO	Running command: "/usr/bin/firefox" "--marionette" "--remote-debugging-port" "46329" "-no-remote" "-profile" "/tmp/rust_mozprofileyKtKV4"
ATTENTION: default value of option mesa_glthread overridden by environment.
ATTENTION: default value of option mesa_glthread overridden by environment.
ATTENTION: default value of option mesa_glthread overridden by environment.
ATTENTION: default value of option mesa_glthread overridden by environment.
1638133076803	Marionette	INFO	Marionette enabled
console.warn: SearchSettings: "get: No settings file exists, new profile?" (new NotFoundError("Could not open the file at /tmp/rust_mozprofileyKtKV4/search.json.mozlz4", (void 0)))
DevTools listening on ws://localhost:46329/devtools/browser/719295ce-892e-47b3-aa2f-811b70568349
1638133078594	Marionette	INFO	Listening on port 35813
1638133078651	RemoteAgent	WARN	TLS certificate errors will be ignored for this session
ATTENTION: default value of option mesa_glthread overridden by environment.
JavaScript warning: https://www.facebook.com/rsrc.php/v3iqES4/yd/l/en_US/9vDokqdM1VK.js?_nc_x=Ij3Wp8lg5Kz, line 20: WEBGL_debug_renderer_info is deprecated in Firefox and will be removed. Please use RENDERER.
1638133103533	Marionette	INFO	Stopped listening on port 35813
console.warn: TopSitesFeed: Failed to fetch data from Contile server: NetworkError when attempting to fetch resource.
1638133127757	geckodriver	INFO	Listening on 127.0.0.1:38877
1638133127762	mozrunner::runner	INFO	Running command: "/usr/bin/firefox" "--marionette" "--remote-debugging-port" "50773" "-no-remote" "-profile" "/tmp/rust_mozprofiledE4KY8"
ATTENTION: default value of option mesa_glthread overridden by environment.
ATTENTION: default value of option mesa_glthread overridden by environment.
ATTENTION: default value of option mesa_glthread overridden by environment.
ATTENTION: default value of option mesa_glthread overridden by environment.
1638133128435	Marionette	INFO	Marionette enabled
console.warn: SearchSettings: "get: No settings file exists, new profile?" (new NotFoundError("Could not open the file at /tmp/rust_mozprofiledE4KY8/search.json.mozlz4", (void 0)))
DevTools listening on ws://localhost:50773/devtools/browser/c6056fb2-bdea-460e-b400-9c1d359535ce
1638133130256	Marionette	INFO	Listening on port 35403
1638133130296	RemoteAgent	WARN	TLS certificate errors will be ignored for this session
ATTENTION: default value of option mesa_glthread overridden by environment.
JavaScript warning: https://static.xx.fbcdn.net/rsrc.php/v3iqES4/yd/l/en_US/9vDokqdM1VK.js?_nc_x=Ij3Wp8lg5Kz, line 20: WEBGL_debug_renderer_info is deprecated in Firefox and will be removed. Please use RENDERER.
JavaScript warning: https://static.xx.fbcdn.net/rsrc.php/v3iqES4/yd/l/en_US/9vDokqdM1VK.js?_nc_x=Ij3Wp8lg5Kz, line 20: WEBGL_debug_renderer_info is deprecated in Firefox and will be removed. Please use RENDERER.
1638133188837	Marionette	INFO	Stopped listening on port 35403
console.warn: TopSitesFeed: Failed to fetch data from Contile server: NetworkError when attempting to fetch resource.

###!!! [Parent][RunMessage] Error: Channel closing: too late to send/recv, messages will be lost

